[2022-10-03 01:52:03:352752644][HikariPool-1 housekeeper] [33m WARN[0;39m com.zaxxer.hikari.pool.HikariPool [36mc.z.h.p.HikariPool[0;39m [32mrun[0;39m 
 HikariPool-1 - Thread starvation or clock leap detected (housekeeper delta=7m39s156ms). 
[2022-10-03 02:07:52:353702327][HikariPool-1 housekeeper] [33m WARN[0;39m com.zaxxer.hikari.pool.HikariPool [36mc.z.h.p.HikariPool[0;39m [32mrun[0;39m 
 HikariPool-1 - Thread starvation or clock leap detected (housekeeper delta=15m49s699ms). 
[2022-10-03 02:22:34:354584433][HikariPool-1 housekeeper] [33m WARN[0;39m com.zaxxer.hikari.pool.HikariPool [36mc.z.h.p.HikariPool[0;39m [32mrun[0;39m 
 HikariPool-1 - Thread starvation or clock leap detected (housekeeper delta=14m12s101ms). 
[2022-10-03 02:38:25:355535636][HikariPool-1 housekeeper] [33m WARN[0;39m com.zaxxer.hikari.pool.HikariPool [36mc.z.h.p.HikariPool[0;39m [32mrun[0;39m 
 HikariPool-1 - Thread starvation or clock leap detected (housekeeper delta=15m51s205ms). 
[2022-10-03 02:57:50:356700259][HikariPool-1 housekeeper] [33m WARN[0;39m com.zaxxer.hikari.pool.HikariPool [36mc.z.h.p.HikariPool[0;39m [32mrun[0;39m 
 HikariPool-1 - Thread starvation or clock leap detected (housekeeper delta=18m24s598ms). 
[2022-10-03 03:14:58:357728211][HikariPool-1 housekeeper] [33m WARN[0;39m com.zaxxer.hikari.pool.HikariPool [36mc.z.h.p.HikariPool[0;39m [32mrun[0;39m 
 HikariPool-1 - Thread starvation or clock leap detected (housekeeper delta=17m7s951ms). 
[2022-10-03 04:31:35:362325170][HikariPool-1 housekeeper] [33m WARN[0;39m com.zaxxer.hikari.pool.HikariPool [36mc.z.h.p.HikariPool[0;39m [32mrun[0;39m 
 HikariPool-1 - Thread starvation or clock leap detected (housekeeper delta=16m6s172ms). 
[2022-10-03 04:47:40:363289664][HikariPool-1 housekeeper] [33m WARN[0;39m com.zaxxer.hikari.pool.HikariPool [36mc.z.h.p.HikariPool[0;39m [32mrun[0;39m 
 HikariPool-1 - Thread starvation or clock leap detected (housekeeper delta=15m34s478ms). 
[2022-10-03 06:05:07:367936679][HikariPool-1 housekeeper] [33m WARN[0;39m com.zaxxer.hikari.pool.HikariPool [36mc.z.h.p.HikariPool[0;39m [32mrun[0;39m 
 HikariPool-1 - Thread starvation or clock leap detected (housekeeper delta=16m56s285ms). 
[2022-10-03 06:21:54:368943717][HikariPool-1 housekeeper] [33m WARN[0;39m com.zaxxer.hikari.pool.HikariPool [36mc.z.h.p.HikariPool[0;39m [32mrun[0;39m 
 HikariPool-1 - Thread starvation or clock leap detected (housekeeper delta=16m17s17ms). 
[2022-10-03 07:39:02:373572324][HikariPool-1 housekeeper] [33m WARN[0;39m com.zaxxer.hikari.pool.HikariPool [36mc.z.h.p.HikariPool[0;39m [32mrun[0;39m 
 HikariPool-1 - Thread starvation or clock leap detected (housekeeper delta=16m37s760ms). 
[2022-10-03 07:55:55:374585405][HikariPool-1 housekeeper] [33m WARN[0;39m com.zaxxer.hikari.pool.HikariPool [36mc.z.h.p.HikariPool[0;39m [32mrun[0;39m 
 HikariPool-1 - Thread starvation or clock leap detected (housekeeper delta=16m23s54ms). 
[2022-10-03 08:13:54:375664024][HikariPool-1 housekeeper] [33m WARN[0;39m com.zaxxer.hikari.pool.HikariPool [36mc.z.h.p.HikariPool[0;39m [32mrun[0;39m 
 HikariPool-1 - Thread starvation or clock leap detected (housekeeper delta=17m58s619ms). 
[2022-10-03 09:29:56:380225647][HikariPool-1 housekeeper] [33m WARN[0;39m com.zaxxer.hikari.pool.HikariPool [36mc.z.h.p.HikariPool[0;39m [32mrun[0;39m 
 HikariPool-1 - Thread starvation or clock leap detected (housekeeper delta=15m30s780ms). 
[2022-10-03 09:46:36:381226447][HikariPool-1 housekeeper] [33m WARN[0;39m com.zaxxer.hikari.pool.HikariPool [36mc.z.h.p.HikariPool[0;39m [32mrun[0;39m 
 HikariPool-1 - Thread starvation or clock leap detected (housekeeper delta=16m10s784ms). 
[2022-10-03 11:03:20:385830138][HikariPool-1 housekeeper] [33m WARN[0;39m com.zaxxer.hikari.pool.HikariPool [36mc.z.h.p.HikariPool[0;39m [32mrun[0;39m 
 HikariPool-1 - Thread starvation or clock leap detected (housekeeper delta=16m42s780ms). 
[2022-10-03 12:18:57:390367414][HikariPool-1 housekeeper] [33m WARN[0;39m com.zaxxer.hikari.pool.HikariPool [36mc.z.h.p.HikariPool[0;39m [32mrun[0;39m 
 HikariPool-1 - Thread starvation or clock leap detected (housekeeper delta=15m36s192ms). 
[2022-10-03 12:35:39:391368881][HikariPool-1 housekeeper] [33m WARN[0;39m com.zaxxer.hikari.pool.HikariPool [36mc.z.h.p.HikariPool[0;39m [32mrun[0;39m 
 HikariPool-1 - Thread starvation or clock leap detected (housekeeper delta=16m11s449ms). 
[2022-10-03 12:52:52:392402456][HikariPool-1 housekeeper] [33m WARN[0;39m com.zaxxer.hikari.pool.HikariPool [36mc.z.h.p.HikariPool[0;39m [32mrun[0;39m 
 HikariPool-1 - Thread starvation or clock leap detected (housekeeper delta=16m43s559ms). 
[2022-10-03 16:15:06:404536461][HikariPool-1 housekeeper] [33m WARN[0;39m com.zaxxer.hikari.pool.HikariPool [36mc.z.h.p.HikariPool[0;39m [32mrun[0;39m 
 HikariPool-1 - Thread starvation or clock leap detected (housekeeper delta=58s619ms). 
[2022-10-03 22:50:48:675][background-preinit] [32m INFO[0;39m o.h.validator.internal.util.Version [36mo.h.v.i.u.Version[0;39m [32m<clinit>[0;39m 
 HV000001: Hibernate Validator 6.2.3.Final 
[2022-10-03 22:50:49:1203][main] [32m INFO[0;39m o.s.d.r.c.RepositoryConfigurationDelegate [36mo.s.d.r.c.RepositoryConfigurationDelegate[0;39m [32mregisterRepositoriesIn[0;39m 
 Bootstrapping Spring Data JPA repositories in DEFAULT mode. 
[2022-10-03 22:50:49:1251][main] [32m INFO[0;39m o.s.d.r.c.RepositoryConfigurationDelegate [36mo.s.d.r.c.RepositoryConfigurationDelegate[0;39m [32mregisterRepositoriesIn[0;39m 
 Finished Spring Data repository scanning in 43 ms. Found 2 JPA repository interfaces. 
[2022-10-03 22:50:49:1593][main] [32m INFO[0;39m o.s.b.w.e.tomcat.TomcatWebServer [36mo.s.b.w.e.t.TomcatWebServer[0;39m [32minitialize[0;39m 
 Tomcat initialized with port(s): 9000 (http) 
[2022-10-03 22:50:49:1597][main] [32m INFO[0;39m o.a.coyote.http11.Http11NioProtocol [36mo.a.c.h.Http11NioProtocol[0;39m [32mlog[0;39m 
 Initializing ProtocolHandler ["http-nio-9000"] 
[2022-10-03 22:50:49:1597][main] [32m INFO[0;39m o.a.catalina.core.StandardService [36mo.a.c.c.StandardService[0;39m [32mlog[0;39m 
 Starting service [Tomcat] 
[2022-10-03 22:50:49:1597][main] [32m INFO[0;39m o.a.catalina.core.StandardEngine [36mo.a.c.c.StandardEngine[0;39m [32mlog[0;39m 
 Starting Servlet engine: [Apache Tomcat/9.0.64] 
[2022-10-03 22:50:49:1684][main] [32m INFO[0;39m o.a.c.c.C.[Tomcat].[localhost].[/] [36mo.a.c.c.C.[.[.[/][0;39m [32mlog[0;39m 
 Initializing Spring embedded WebApplicationContext 
[2022-10-03 22:50:49:1684][main] [32m INFO[0;39m o.s.b.w.s.c.ServletWebServerApplicationContext [36mo.s.b.w.s.c.ServletWebServerApplicationContext[0;39m [32mprepareWebApplicationContext[0;39m 
 Root WebApplicationContext: initialization completed in 989 ms 
[2022-10-03 22:50:49:1858][main] [32m INFO[0;39m o.h.jpa.internal.util.LogHelper [36mo.h.j.i.u.LogHelper[0;39m [32mlogPersistenceUnitInformation[0;39m 
 HHH000204: Processing PersistenceUnitInfo [name: default] 
[2022-10-03 22:50:49:1890][main] [32m INFO[0;39m org.hibernate.Version [36mo.h.Version[0;39m [32mlogVersion[0;39m 
 HHH000412: Hibernate ORM core version 5.6.9.Final 
[2022-10-03 22:50:50:1985][main] [32m INFO[0;39m o.h.annotations.common.Version [36mo.h.a.c.Version[0;39m [32m<clinit>[0;39m 
 HCANN000001: Hibernate Commons Annotations {5.1.2.Final} 
[2022-10-03 22:50:50:2034][main] [32m INFO[0;39m com.zaxxer.hikari.HikariDataSource [36mc.z.h.HikariDataSource[0;39m [32mgetConnection[0;39m 
 HikariPool-1 - Starting... 
[2022-10-03 22:50:50:2311][main] [32m INFO[0;39m com.zaxxer.hikari.HikariDataSource [36mc.z.h.HikariDataSource[0;39m [32mgetConnection[0;39m 
 HikariPool-1 - Start completed. 
[2022-10-03 22:50:50:2326][main] [32m INFO[0;39m org.hibernate.dialect.Dialect [36mo.h.d.Dialect[0;39m [32m<init>[0;39m 
 HHH000400: Using dialect: org.hibernate.dialect.MariaDB53Dialect 
[2022-10-03 22:50:50:2810][main] [32m INFO[0;39m p6spy [36mp6spy[0;39m [32mlogSQL[0;39m 
 #1664805050866 | took 35ms | statement | connection 1| url jdbc:mariadb://localhost/kotilnblog?user=test&password=***&useUnicode=true&serverTimezone=Asia/Seoul&characterEncoding=utf8&useSSL=false&allowPublicKeyRetrieval=true
select * from `kotilnblog`.`Member` where 1=0
select * from `kotilnblog`.`Member` where 1=0; 
[2022-10-03 22:50:50:2818][main] [32m INFO[0;39m p6spy [36mp6spy[0;39m [32mlogSQL[0;39m 
 #1664805050874 | took 1ms | statement | connection 1| url jdbc:mariadb://localhost/kotilnblog?user=test&password=***&useUnicode=true&serverTimezone=Asia/Seoul&characterEncoding=utf8&useSSL=false&allowPublicKeyRetrieval=true
select * from `kotilnblog`.`Post` where 1=0
select * from `kotilnblog`.`Post` where 1=0; 
[2022-10-03 22:50:50:2824][main] [32m INFO[0;39m p6spy [36mp6spy[0;39m [32mlogSQL[0;39m 
 #1664805050880 | took 0ms | statement | connection 1| url jdbc:mariadb://localhost/kotilnblog?user=test&password=***&useUnicode=true&serverTimezone=Asia/Seoul&characterEncoding=utf8&useSSL=false&allowPublicKeyRetrieval=true
select * from `kotilnblog`.`Member` where 1=0
select * from `kotilnblog`.`Member` where 1=0; 
[2022-10-03 22:50:50:2825][main] [32m INFO[0;39m o.h.e.t.j.p.i.JtaPlatformInitiator [36mo.h.e.t.j.p.i.JtaPlatformInitiator[0;39m [32minitiateService[0;39m 
 HHH000490: Using JtaPlatform implementation: [org.hibernate.engine.transaction.jta.platform.internal.NoJtaPlatform] 
[2022-10-03 22:50:50:2838][main] [32m INFO[0;39m o.s.o.j.LocalContainerEntityManagerFactoryBean [36mo.s.o.j.LocalContainerEntityManagerFactoryBean[0;39m [32mbuildNativeEntityManagerFactory[0;39m 
 Initialized JPA EntityManagerFactory for persistence unit 'default' 
[2022-10-03 22:50:51:3630][main] [32m INFO[0;39m o.s.s.w.DefaultSecurityFilterChain [36mo.s.s.w.DefaultSecurityFilterChain[0;39m [32m<init>[0;39m 
 Will secure any request with [org.springframework.security.web.session.DisableEncodeUrlFilter@88e85a, org.springframework.security.web.context.request.async.WebAsyncManagerIntegrationFilter@230dd372, org.springframework.security.web.context.SecurityContextPersistenceFilter@5c3e7128, org.springframework.security.web.header.HeaderWriterFilter@48861d1, org.springframework.web.filter.CorsFilter@663cc8c9, org.springframework.security.web.authentication.logout.LogoutFilter@363ee411, CustomUserNameAuthenticationFilter@5c552f08, CustomBasicAuthenticationFilter@e08d871, org.springframework.security.web.savedrequest.RequestCacheAwareFilter@640028f2, org.springframework.security.web.servletapi.SecurityContextHolderAwareRequestFilter@48b744fd, org.springframework.security.web.authentication.AnonymousAuthenticationFilter@51c15508, org.springframework.security.web.session.SessionManagementFilter@7baf7e2c, org.springframework.security.web.access.ExceptionTranslationFilter@3f7a7ce6, org.springframework.security.web.access.intercept.FilterSecurityInterceptor@2ec258f1]
[2022-10-03 22:50:51:3757][main] [32m INFO[0;39m o.s.b.a.w.s.WelcomePageHandlerMapping [36mo.s.b.a.w.s.WelcomePageHandlerMapping[0;39m [32m<init>[0;39m 
 Adding welcome page: class path resource [static/index.html] 
[2022-10-03 22:50:52:3946][main] [32m INFO[0;39m o.a.coyote.http11.Http11NioProtocol [36mo.a.c.h.Http11NioProtocol[0;39m [32mlog[0;39m 
 Starting ProtocolHandler ["http-nio-9000"] 
[2022-10-03 22:50:52:3963][main] [32m INFO[0;39m o.s.b.w.e.tomcat.TomcatWebServer [36mo.s.b.w.e.t.TomcatWebServer[0;39m [32mstart[0;39m 
 Tomcat started on port(s): 9000 (http) with context path '' 
[2022-10-03 22:50:59:11072][http-nio-9000-exec-2] [32m INFO[0;39m o.a.c.c.C.[Tomcat].[localhost].[/] [36mo.a.c.c.C.[.[.[/][0;39m [32mlog[0;39m 
 Initializing Spring DispatcherServlet 'dispatcherServlet' 
[2022-10-03 22:50:59:11072][http-nio-9000-exec-2] [32m INFO[0;39m o.s.web.servlet.DispatcherServlet [36mo.s.w.s.DispatcherServlet[0;39m [32minitServletBean[0;39m 
 Initializing Servlet 'dispatcherServlet' 
[2022-10-03 22:50:59:11075][http-nio-9000-exec-2] [32m INFO[0;39m o.s.web.servlet.DispatcherServlet [36mo.s.w.s.DispatcherServlet[0;39m [32minitServletBean[0;39m 
 Completed initialization in 3 ms 
[2022-10-03 22:50:59:11374][http-nio-9000-exec-2] [32m INFO[0;39m p6spy [36mp6spy[0;39m [32mlogSQL[0;39m 
 22.10.03 22:50:59 | OperationTime : 5ms|
HeFormatSql(P6Spy sql,Hibernate format):
    select
        member0_.`id` as id1_1_,
        member0_.`create_at` as create_a2_1_,
        member0_.`update_at` as update_a3_1_,
        member0_.`email` as email4_1_,
        member0_.`password` as password5_1_,
        member0_.`role` as role6_1_ 
    from
        `Member` member0_ 
    where
        member0_.`email`='marilynn.rath@hotmail.test' 
[2022-10-03 22:51:31:43036][http-nio-9000-exec-3] [32m INFO[0;39m p6spy [36mp6spy[0;39m [32mlogSQL[0;39m 
 22.10.03 22:51:31 | OperationTime : 3ms|
HeFormatSql(P6Spy sql,Hibernate format):
    select
        member0_.`id` as id1_1_,
        member0_.`create_at` as create_a2_1_,
        member0_.`update_at` as update_a3_1_,
        member0_.`email` as email4_1_,
        member0_.`password` as password5_1_,
        member0_.`role` as role6_1_ 
    from
        `Member` member0_ 
    where
        member0_.`email`='donovan.bernhard@hotmail.test' 
[2022-10-03 22:51:40:51955][http-nio-9000-exec-4] [32m INFO[0;39m p6spy [36mp6spy[0;39m [32mlogSQL[0;39m 
 22.10.03 22:51:40 | OperationTime : 8ms|
HeFormatSql(P6Spy sql,Hibernate format):
    select
        member0_.`id` as id1_1_,
        member0_.`create_at` as create_a2_1_,
        member0_.`update_at` as update_a3_1_,
        member0_.`email` as email4_1_,
        member0_.`password` as password5_1_,
        member0_.`role` as role6_1_ 
    from
        `Member` member0_ 
    where
        member0_.`email`='donovan.bernhard@hotmail.test' 
[2022-10-03 22:52:38:109957][http-nio-9000-exec-5] [32m INFO[0;39m p6spy [36mp6spy[0;39m [32mlogSQL[0;39m 
 22.10.03 22:52:38 | OperationTime : 5ms|
HeFormatSql(P6Spy sql,Hibernate format):
    select
        member0_.`id` as id1_1_,
        member0_.`create_at` as create_a2_1_,
        member0_.`update_at` as update_a3_1_,
        member0_.`email` as email4_1_,
        member0_.`password` as password5_1_,
        member0_.`role` as role6_1_ 
    from
        `Member` member0_ 
    where
        member0_.`email`='donovan.bernhard@hotmail.test' 
[2022-10-03 22:52:38:110934][http-nio-9000-exec-6] [32m INFO[0;39m p6spy [36mp6spy[0;39m [32mlogSQL[0;39m 
 22.10.03 22:52:38 | OperationTime : 0ms|
HeFormatSql(P6Spy sql,Hibernate format):
    select
        member0_.`id` as id1_1_,
        member0_.`create_at` as create_a2_1_,
        member0_.`update_at` as update_a3_1_,
        member0_.`email` as email4_1_,
        member0_.`password` as password5_1_,
        member0_.`role` as role6_1_ 
    from
        `Member` member0_ 
    where
        member0_.`email`='donovan.bernhard@hotmail.test' 
[2022-10-03 22:53:19:151604][SpringApplicationShutdownHook] [32m INFO[0;39m o.s.o.j.LocalContainerEntityManagerFactoryBean [36mo.s.o.j.LocalContainerEntityManagerFactoryBean[0;39m [32mdestroy[0;39m 
 Closing JPA EntityManagerFactory for persistence unit 'default' 
[2022-10-03 22:53:19:151608][SpringApplicationShutdownHook] [32m INFO[0;39m com.zaxxer.hikari.HikariDataSource [36mc.z.h.HikariDataSource[0;39m [32mclose[0;39m 
 HikariPool-1 - Shutdown initiated... 
[2022-10-03 22:53:19:151621][SpringApplicationShutdownHook] [32m INFO[0;39m com.zaxxer.hikari.HikariDataSource [36mc.z.h.HikariDataSource[0;39m [32mclose[0;39m 
 HikariPool-1 - Shutdown completed. 
[2022-10-03 22:53:23:257][background-preinit] [32m INFO[0;39m o.h.validator.internal.util.Version [36mo.h.v.i.u.Version[0;39m [32m<clinit>[0;39m 
 HV000001: Hibernate Validator 6.2.3.Final 
[2022-10-03 22:53:23:659][main] [32m INFO[0;39m o.s.d.r.c.RepositoryConfigurationDelegate [36mo.s.d.r.c.RepositoryConfigurationDelegate[0;39m [32mregisterRepositoriesIn[0;39m 
 Bootstrapping Spring Data JPA repositories in DEFAULT mode. 
[2022-10-03 22:53:23:689][main] [32m INFO[0;39m o.s.d.r.c.RepositoryConfigurationDelegate [36mo.s.d.r.c.RepositoryConfigurationDelegate[0;39m [32mregisterRepositoriesIn[0;39m 
 Finished Spring Data repository scanning in 26 ms. Found 2 JPA repository interfaces. 
[2022-10-03 22:53:24:1088][main] [32m INFO[0;39m o.s.b.w.e.tomcat.TomcatWebServer [36mo.s.b.w.e.t.TomcatWebServer[0;39m [32minitialize[0;39m 
 Tomcat initialized with port(s): 9000 (http) 
[2022-10-03 22:53:24:1092][main] [32m INFO[0;39m o.a.coyote.http11.Http11NioProtocol [36mo.a.c.h.Http11NioProtocol[0;39m [32mlog[0;39m 
 Initializing ProtocolHandler ["http-nio-9000"] 
[2022-10-03 22:53:24:1092][main] [32m INFO[0;39m o.a.catalina.core.StandardService [36mo.a.c.c.StandardService[0;39m [32mlog[0;39m 
 Starting service [Tomcat] 
[2022-10-03 22:53:24:1092][main] [32m INFO[0;39m o.a.catalina.core.StandardEngine [36mo.a.c.c.StandardEngine[0;39m [32mlog[0;39m 
 Starting Servlet engine: [Apache Tomcat/9.0.64] 
[2022-10-03 22:53:24:1139][main] [32m INFO[0;39m o.a.c.c.C.[Tomcat].[localhost].[/] [36mo.a.c.c.C.[.[.[/][0;39m [32mlog[0;39m 
 Initializing Spring embedded WebApplicationContext 
[2022-10-03 22:53:24:1139][main] [32m INFO[0;39m o.s.b.w.s.c.ServletWebServerApplicationContext [36mo.s.b.w.s.c.ServletWebServerApplicationContext[0;39m [32mprepareWebApplicationContext[0;39m 
 Root WebApplicationContext: initialization completed in 863 ms 
[2022-10-03 22:53:24:1275][main] [32m INFO[0;39m o.h.jpa.internal.util.LogHelper [36mo.h.j.i.u.LogHelper[0;39m [32mlogPersistenceUnitInformation[0;39m 
 HHH000204: Processing PersistenceUnitInfo [name: default] 
[2022-10-03 22:53:24:1298][main] [32m INFO[0;39m org.hibernate.Version [36mo.h.Version[0;39m [32mlogVersion[0;39m 
 HHH000412: Hibernate ORM core version 5.6.9.Final 
[2022-10-03 22:53:24:1371][main] [32m INFO[0;39m o.h.annotations.common.Version [36mo.h.a.c.Version[0;39m [32m<clinit>[0;39m 
 HCANN000001: Hibernate Commons Annotations {5.1.2.Final} 
[2022-10-03 22:53:24:1408][main] [32m INFO[0;39m com.zaxxer.hikari.HikariDataSource [36mc.z.h.HikariDataSource[0;39m [32mgetConnection[0;39m 
 HikariPool-1 - Starting... 
[2022-10-03 22:53:24:1449][main] [32m INFO[0;39m com.zaxxer.hikari.HikariDataSource [36mc.z.h.HikariDataSource[0;39m [32mgetConnection[0;39m 
 HikariPool-1 - Start completed. 
[2022-10-03 22:53:24:1458][main] [32m INFO[0;39m org.hibernate.dialect.Dialect [36mo.h.d.Dialect[0;39m [32m<init>[0;39m 
 HHH000400: Using dialect: org.hibernate.dialect.MariaDB53Dialect 
[2022-10-03 22:53:24:1787][main] [32m INFO[0;39m p6spy [36mp6spy[0;39m [32mlogSQL[0;39m 
 #1664805204775 | took 1ms | statement | connection 1| url jdbc:mariadb://localhost/kotilnblog?user=test&password=***&useUnicode=true&serverTimezone=Asia/Seoul&characterEncoding=utf8&useSSL=false&allowPublicKeyRetrieval=true
select * from `kotilnblog`.`Member` where 1=0
select * from `kotilnblog`.`Member` where 1=0; 
[2022-10-03 22:53:24:1792][main] [32m INFO[0;39m p6spy [36mp6spy[0;39m [32mlogSQL[0;39m 
 #1664805204780 | took 0ms | statement | connection 1| url jdbc:mariadb://localhost/kotilnblog?user=test&password=***&useUnicode=true&serverTimezone=Asia/Seoul&characterEncoding=utf8&useSSL=false&allowPublicKeyRetrieval=true
select * from `kotilnblog`.`Post` where 1=0
select * from `kotilnblog`.`Post` where 1=0; 
[2022-10-03 22:53:24:1802][main] [32m INFO[0;39m p6spy [36mp6spy[0;39m [32mlogSQL[0;39m 
 #1664805204790 | took 0ms | statement | connection 1| url jdbc:mariadb://localhost/kotilnblog?user=test&password=***&useUnicode=true&serverTimezone=Asia/Seoul&characterEncoding=utf8&useSSL=false&allowPublicKeyRetrieval=true
select * from `kotilnblog`.`Member` where 1=0
select * from `kotilnblog`.`Member` where 1=0; 
[2022-10-03 22:53:24:1803][main] [32m INFO[0;39m o.h.e.t.j.p.i.JtaPlatformInitiator [36mo.h.e.t.j.p.i.JtaPlatformInitiator[0;39m [32minitiateService[0;39m 
 HHH000490: Using JtaPlatform implementation: [org.hibernate.engine.transaction.jta.platform.internal.NoJtaPlatform] 
[2022-10-03 22:53:24:1808][main] [32m INFO[0;39m o.s.o.j.LocalContainerEntityManagerFactoryBean [36mo.s.o.j.LocalContainerEntityManagerFactoryBean[0;39m [32mbuildNativeEntityManagerFactory[0;39m 
 Initialized JPA EntityManagerFactory for persistence unit 'default' 
[2022-10-03 22:53:25:2457][main] [32m INFO[0;39m o.s.s.w.DefaultSecurityFilterChain [36mo.s.s.w.DefaultSecurityFilterChain[0;39m [32m<init>[0;39m 
 Will secure any request with [org.springframework.security.web.session.DisableEncodeUrlFilter@247d44b4, org.springframework.security.web.context.request.async.WebAsyncManagerIntegrationFilter@640028f2, org.springframework.security.web.context.SecurityContextPersistenceFilter@25630ede, org.springframework.security.web.header.HeaderWriterFilter@4199761d, org.springframework.web.filter.CorsFilter@48b744fd, org.springframework.security.web.authentication.logout.LogoutFilter@701bd6e8, CustomUserNameAuthenticationFilter@5c552f08, CustomBasicAuthenticationFilter@e08d871, org.springframework.security.web.savedrequest.RequestCacheAwareFilter@186e254, org.springframework.security.web.servletapi.SecurityContextHolderAwareRequestFilter@6a827b0c, org.springframework.security.web.authentication.AnonymousAuthenticationFilter@2ef3efcc, org.springframework.security.web.session.SessionManagementFilter@797ca322, org.springframework.security.web.access.ExceptionTranslationFilter@47b71556, org.springframework.security.web.access.intercept.FilterSecurityInterceptor@62966c9f]
[2022-10-03 22:53:25:2567][main] [32m INFO[0;39m o.s.b.a.w.s.WelcomePageHandlerMapping [36mo.s.b.a.w.s.WelcomePageHandlerMapping[0;39m [32m<init>[0;39m 
 Adding welcome page: class path resource [static/index.html] 
[2022-10-03 22:53:25:2748][main] [32m INFO[0;39m o.a.coyote.http11.Http11NioProtocol [36mo.a.c.h.Http11NioProtocol[0;39m [32mlog[0;39m 
 Starting ProtocolHandler ["http-nio-9000"] 
[2022-10-03 22:53:25:2767][main] [32m INFO[0;39m o.s.b.w.e.tomcat.TomcatWebServer [36mo.s.b.w.e.t.TomcatWebServer[0;39m [32mstart[0;39m 
 Tomcat started on port(s): 9000 (http) with context path '' 
[2022-10-03 22:53:30:7094][http-nio-9000-exec-2] [32m INFO[0;39m o.a.c.c.C.[Tomcat].[localhost].[/] [36mo.a.c.c.C.[.[.[/][0;39m [32mlog[0;39m 
 Initializing Spring DispatcherServlet 'dispatcherServlet' 
[2022-10-03 22:53:30:7095][http-nio-9000-exec-2] [32m INFO[0;39m o.s.web.servlet.DispatcherServlet [36mo.s.w.s.DispatcherServlet[0;39m [32minitServletBean[0;39m 
 Initializing Servlet 'dispatcherServlet' 
[2022-10-03 22:53:30:7099][http-nio-9000-exec-2] [32m INFO[0;39m o.s.web.servlet.DispatcherServlet [36mo.s.w.s.DispatcherServlet[0;39m [32minitServletBean[0;39m 
 Completed initialization in 4 ms 
[2022-10-03 22:53:30:7426][http-nio-9000-exec-2] [32m INFO[0;39m p6spy [36mp6spy[0;39m [32mlogSQL[0;39m 
 22.10.03 22:53:30 | OperationTime : 1ms|
HeFormatSql(P6Spy sql,Hibernate format):
    select
        member0_.`id` as id1_1_,
        member0_.`create_at` as create_a2_1_,
        member0_.`update_at` as update_a3_1_,
        member0_.`email` as email4_1_,
        member0_.`password` as password5_1_,
        member0_.`role` as role6_1_ 
    from
        `Member` member0_ 
    where
        member0_.`email`='donovan.bernhard@hotmail.test' 
[2022-10-03 22:54:16:53270][SpringApplicationShutdownHook] [32m INFO[0;39m o.s.o.j.LocalContainerEntityManagerFactoryBean [36mo.s.o.j.LocalContainerEntityManagerFactoryBean[0;39m [32mdestroy[0;39m 
 Closing JPA EntityManagerFactory for persistence unit 'default' 
[2022-10-03 22:54:16:53283][SpringApplicationShutdownHook] [32m INFO[0;39m com.zaxxer.hikari.HikariDataSource [36mc.z.h.HikariDataSource[0;39m [32mclose[0;39m 
 HikariPool-1 - Shutdown initiated... 
[2022-10-03 22:54:16:53290][SpringApplicationShutdownHook] [32m INFO[0;39m com.zaxxer.hikari.HikariDataSource [36mc.z.h.HikariDataSource[0;39m [32mclose[0;39m 
 HikariPool-1 - Shutdown completed. 
